<?xml version="1.0" encoding="UTF-8"?>
<Site BuildName="Linux-g++"
	BuildStamp="20230614-1423-Experimental"
	Name="codespaces-f2d854"
	Generator="ctest-3.26.3"
	CompilerName="/usr/bin/g++"
	CompilerVersion="9.4.0"
	OSName="Linux"
	Hostname="codespaces-f2d854"
	OSRelease="5.15.0-1039-azure"
	OSVersion="#46-Ubuntu SMP Mon May 22 15:18:07 UTC 2023"
	OSPlatform="x86_64"
	Is64Bits="1"
	VendorString="GenuineIntel"
	VendorID="Intel Corporation"
	FamilyID="6"
	ModelID="106"
	ProcessorCacheSize="49152"
	NumberOfLogicalCPU="4"
	NumberOfPhysicalCPU="2"
	TotalVirtualMemory="0"
	TotalPhysicalMemory="7951"
	LogicalProcessorsPerPhysical="2"
	ProcessorClockFrequency="2793.44"
	>
	<Testing>
		<StartDateTime>Jun 14 14:23 UTC</StartDateTime>
		<StartTestTime>1686752631</StartTestTime>
		<TestList/>
		<EndDateTime>Jun 14 14:23 UTC</EndDateTime>
		<EndTestTime>1686752631</EndTestTime>
		<ElapsedMinutes>0</ElapsedMinutes>
	</Testing>
</Site>
